<?xml version="1.0" encoding="UTF-8"?>
<!-- Generated by org.testng.reporters.JUnitReportReporter -->
<testsuite hostname="VinayMishra" failures="0" tests="1" name="gethubbyTestNG.Channing" time="4.880" errors="0" timestamp="2022-07-02T11:07:13 IST" skipped="0">
  <testcase classname="gethubbyTestNG.Channing" name="open" time="4.880"/>
  <system-out/>
</testsuite> <!-- gethubbyTestNG.Channing -->
